2020-06-30 09:27:15.895 [http-nio-8080-exec-1] ERROR c.l.a.back.common.exception.GlobalExceptionHandler - / by zero
2020-06-30 09:31:33.577 [main] ERROR o.s.b.diagnostics.LoggingFailureAnalysisReporter - 

***************************
APPLICATION FAILED TO START
***************************

Description:

Web server failed to start. Port 8080 was already in use.

Action:

Identify and stop the process that's listening on port 8080 or configure this application to listen on another port.

2020-06-30 09:42:14.978 [main] ERROR o.s.b.diagnostics.LoggingFailureAnalysisReporter - 

***************************
APPLICATION FAILED TO START
***************************

Description:

A component required a bean of type 'com.lcg.admin_template.back.dao.TreeMenuDao' that could not be found.


Action:

Consider defining a bean of type 'com.lcg.admin_template.back.dao.TreeMenuDao' in your configuration.

2020-06-30 09:43:41.426 [main] ERROR o.s.b.diagnostics.LoggingFailureAnalysisReporter - 

***************************
APPLICATION FAILED TO START
***************************

Description:

Failed to configure a DataSource: 'url' attribute is not specified and no embedded datasource could be configured.

Reason: Failed to determine a suitable driver class


Action:

Consider the following:
	If you want an embedded database (H2, HSQL or Derby), please put it on the classpath.
	If you have database settings to be loaded from a particular profile you may need to activate it (no profiles are currently active).

