2020-06-28 15:28:31.653 [main] INFO  com.lcg.admin_template.back.BackApplication - Starting BackApplication on Mac-Pro.local with PID 12216 (/Users/can/Desktop/vue-projects/font/back/target/classes started by can in /Users/can/Desktop/vue-projects/font/back)
2020-06-28 15:28:31.656 [main] INFO  com.lcg.admin_template.back.BackApplication - The following profiles are active: dev
2020-06-28 15:28:32.955 [main] INFO  o.s.boot.web.embedded.tomcat.TomcatWebServer - Tomcat initialized with port(s): 8080 (http)
2020-06-28 15:28:32.963 [main] INFO  org.apache.coyote.http11.Http11NioProtocol - Initializing ProtocolHandler ["http-nio-8080"]
2020-06-28 15:28:32.964 [main] INFO  org.apache.catalina.core.StandardService - Starting service [Tomcat]
2020-06-28 15:28:32.964 [main] INFO  org.apache.catalina.core.StandardEngine - Starting Servlet engine: [Apache Tomcat/9.0.36]
2020-06-28 15:28:33.034 [main] INFO  o.a.c.core.ContainerBase.[Tomcat].[localhost].[/] - Initializing Spring embedded WebApplicationContext
2020-06-28 15:28:33.034 [main] INFO  o.s.b.w.s.c.ServletWebServerApplicationContext - Root WebApplicationContext: initialization completed in 1346 ms
2020-06-28 15:28:33.544 [main] INFO  s.d.s.w.PropertySourcedRequestMappingHandlerMapping - Mapped URL path [/v2/api-docs] onto method [springfox.documentation.swagger2.web.Swagger2Controller#getDocumentation(String, HttpServletRequest)]
2020-06-28 15:28:33.691 [main] INFO  o.s.scheduling.concurrent.ThreadPoolTaskExecutor - Initializing ExecutorService 'applicationTaskExecutor'
2020-06-28 15:28:33.881 [main] INFO  org.apache.coyote.http11.Http11NioProtocol - Starting ProtocolHandler ["http-nio-8080"]
2020-06-28 15:28:33.915 [main] INFO  o.s.boot.web.embedded.tomcat.TomcatWebServer - Tomcat started on port(s): 8080 (http) with context path ''
2020-06-28 15:28:33.918 [main] INFO  s.d.s.web.plugins.DocumentationPluginsBootstrapper - Context refreshed
2020-06-28 15:28:33.938 [main] INFO  s.d.s.web.plugins.DocumentationPluginsBootstrapper - Found 1 custom documentation plugin(s)
2020-06-28 15:28:33.963 [main] INFO  s.d.spring.web.scanners.ApiListingReferenceScanner - Scanning for api listing references
2020-06-28 15:28:34.038 [main] INFO  com.lcg.admin_template.back.BackApplication - Started BackApplication in 2.852 seconds (JVM running for 3.584)
2020-06-28 15:31:24.111 [SpringContextShutdownHook] INFO  o.s.scheduling.concurrent.ThreadPoolTaskExecutor - Shutting down ExecutorService 'applicationTaskExecutor'
2020-06-30 09:26:59.033 [main] INFO  com.lcg.admin_template.back.BackApplication - Starting BackApplication on Mac-Pro.local with PID 21515 (/Users/can/Desktop/vue-projects/font/back/target/classes started by can in /Users/can/Desktop/vue-projects/font/back)
2020-06-30 09:26:59.036 [main] INFO  com.lcg.admin_template.back.BackApplication - The following profiles are active: dev
2020-06-30 09:27:00.110 [main] INFO  o.s.boot.web.embedded.tomcat.TomcatWebServer - Tomcat initialized with port(s): 8080 (http)
2020-06-30 09:27:00.120 [main] INFO  org.apache.coyote.http11.Http11NioProtocol - Initializing ProtocolHandler ["http-nio-8080"]
2020-06-30 09:27:00.121 [main] INFO  org.apache.catalina.core.StandardService - Starting service [Tomcat]
2020-06-30 09:27:00.122 [main] INFO  org.apache.catalina.core.StandardEngine - Starting Servlet engine: [Apache Tomcat/9.0.36]
2020-06-30 09:27:00.237 [main] INFO  o.a.c.core.ContainerBase.[Tomcat].[localhost].[/] - Initializing Spring embedded WebApplicationContext
2020-06-30 09:27:00.238 [main] INFO  o.s.b.w.s.c.ServletWebServerApplicationContext - Root WebApplicationContext: initialization completed in 1164 ms
2020-06-30 09:27:00.748 [main] INFO  s.d.s.w.PropertySourcedRequestMappingHandlerMapping - Mapped URL path [/v2/api-docs] onto method [springfox.documentation.swagger2.web.Swagger2Controller#getDocumentation(String, HttpServletRequest)]
2020-06-30 09:27:00.814 [main] INFO  o.s.scheduling.concurrent.ThreadPoolTaskExecutor - Initializing ExecutorService 'applicationTaskExecutor'
2020-06-30 09:27:00.949 [main] INFO  org.apache.coyote.http11.Http11NioProtocol - Starting ProtocolHandler ["http-nio-8080"]
2020-06-30 09:27:00.982 [main] INFO  o.s.boot.web.embedded.tomcat.TomcatWebServer - Tomcat started on port(s): 8080 (http) with context path ''
2020-06-30 09:27:00.983 [main] INFO  s.d.s.web.plugins.DocumentationPluginsBootstrapper - Context refreshed
2020-06-30 09:27:01.009 [main] INFO  s.d.s.web.plugins.DocumentationPluginsBootstrapper - Found 1 custom documentation plugin(s)
2020-06-30 09:27:01.036 [main] INFO  s.d.spring.web.scanners.ApiListingReferenceScanner - Scanning for api listing references
2020-06-30 09:27:01.143 [main] INFO  com.lcg.admin_template.back.BackApplication - Started BackApplication in 2.917 seconds (JVM running for 3.641)
2020-06-30 09:27:15.777 [http-nio-8080-exec-1] INFO  o.a.c.core.ContainerBase.[Tomcat].[localhost].[/] - Initializing Spring DispatcherServlet 'dispatcherServlet'
2020-06-30 09:27:15.777 [http-nio-8080-exec-1] INFO  org.springframework.web.servlet.DispatcherServlet - Initializing Servlet 'dispatcherServlet'
2020-06-30 09:27:15.784 [http-nio-8080-exec-1] INFO  org.springframework.web.servlet.DispatcherServlet - Completed initialization in 7 ms
2020-06-30 09:31:30.737 [main] INFO  com.lcg.admin_template.back.BackApplication - Starting BackApplication on Mac-Pro.local with PID 21582 (/Users/can/Desktop/vue-projects/font/back/target/classes started by can in /Users/can/Desktop/vue-projects/font/back)
2020-06-30 09:31:30.745 [main] INFO  com.lcg.admin_template.back.BackApplication - The following profiles are active: dev
2020-06-30 09:31:32.769 [main] INFO  o.s.boot.web.embedded.tomcat.TomcatWebServer - Tomcat initialized with port(s): 8080 (http)
2020-06-30 09:31:32.783 [main] INFO  org.apache.coyote.http11.Http11NioProtocol - Initializing ProtocolHandler ["http-nio-8080"]
2020-06-30 09:31:32.784 [main] INFO  org.apache.catalina.core.StandardService - Starting service [Tomcat]
2020-06-30 09:31:32.784 [main] INFO  org.apache.catalina.core.StandardEngine - Starting Servlet engine: [Apache Tomcat/9.0.36]
2020-06-30 09:31:32.865 [main] INFO  o.a.c.core.ContainerBase.[Tomcat].[localhost].[/] - Initializing Spring embedded WebApplicationContext
2020-06-30 09:31:32.867 [main] INFO  o.s.b.w.s.c.ServletWebServerApplicationContext - Root WebApplicationContext: initialization completed in 1934 ms
2020-06-30 09:31:33.323 [main] INFO  s.d.s.w.PropertySourcedRequestMappingHandlerMapping - Mapped URL path [/v2/api-docs] onto method [springfox.documentation.swagger2.web.Swagger2Controller#getDocumentation(String, HttpServletRequest)]
2020-06-30 09:31:33.400 [main] INFO  o.s.scheduling.concurrent.ThreadPoolTaskExecutor - Initializing ExecutorService 'applicationTaskExecutor'
2020-06-30 09:31:33.510 [main] INFO  org.apache.coyote.http11.Http11NioProtocol - Starting ProtocolHandler ["http-nio-8080"]
2020-06-30 09:31:33.537 [main] INFO  o.s.scheduling.concurrent.ThreadPoolTaskExecutor - Shutting down ExecutorService 'applicationTaskExecutor'
2020-06-30 09:31:33.554 [main] INFO  org.apache.coyote.http11.Http11NioProtocol - Pausing ProtocolHandler ["http-nio-8080"]
2020-06-30 09:31:33.554 [main] INFO  org.apache.catalina.core.StandardService - Stopping service [Tomcat]
2020-06-30 09:31:33.561 [main] INFO  org.apache.coyote.http11.Http11NioProtocol - Stopping ProtocolHandler ["http-nio-8080"]
2020-06-30 09:31:33.561 [main] INFO  org.apache.coyote.http11.Http11NioProtocol - Destroying ProtocolHandler ["http-nio-8080"]
2020-06-30 09:31:33.568 [main] INFO  o.s.b.a.l.ConditionEvaluationReportLoggingListener - 

Error starting ApplicationContext. To display the conditions report re-run your application with 'debug' enabled.
2020-06-30 09:32:11.004 [SpringContextShutdownHook] INFO  o.s.scheduling.concurrent.ThreadPoolTaskExecutor - Shutting down ExecutorService 'applicationTaskExecutor'
2020-06-30 09:32:58.173 [main] INFO  com.lcg.admin_template.back.BackApplication - Starting BackApplication on Mac-Pro.local with PID 21810 (/Users/can/Desktop/vue-projects/font/back/target/classes started by can in /Users/can/Desktop/vue-projects/font/back)
2020-06-30 09:32:58.175 [main] INFO  com.lcg.admin_template.back.BackApplication - The following profiles are active: dev
2020-06-30 09:32:59.001 [main] INFO  o.s.boot.web.embedded.tomcat.TomcatWebServer - Tomcat initialized with port(s): 8080 (http)
2020-06-30 09:32:59.007 [main] INFO  org.apache.coyote.http11.Http11NioProtocol - Initializing ProtocolHandler ["http-nio-8080"]
2020-06-30 09:32:59.008 [main] INFO  org.apache.catalina.core.StandardService - Starting service [Tomcat]
2020-06-30 09:32:59.008 [main] INFO  org.apache.catalina.core.StandardEngine - Starting Servlet engine: [Apache Tomcat/9.0.36]
2020-06-30 09:32:59.060 [main] INFO  o.a.c.core.ContainerBase.[Tomcat].[localhost].[/] - Initializing Spring embedded WebApplicationContext
2020-06-30 09:32:59.060 [main] INFO  o.s.b.w.s.c.ServletWebServerApplicationContext - Root WebApplicationContext: initialization completed in 855 ms
2020-06-30 09:32:59.522 [main] INFO  s.d.s.w.PropertySourcedRequestMappingHandlerMapping - Mapped URL path [/v2/api-docs] onto method [springfox.documentation.swagger2.web.Swagger2Controller#getDocumentation(String, HttpServletRequest)]
2020-06-30 09:32:59.632 [main] INFO  o.s.scheduling.concurrent.ThreadPoolTaskExecutor - Initializing ExecutorService 'applicationTaskExecutor'
2020-06-30 09:32:59.774 [main] INFO  org.apache.coyote.http11.Http11NioProtocol - Starting ProtocolHandler ["http-nio-8080"]
2020-06-30 09:32:59.807 [main] INFO  o.s.boot.web.embedded.tomcat.TomcatWebServer - Tomcat started on port(s): 8080 (http) with context path ''
2020-06-30 09:32:59.809 [main] INFO  s.d.s.web.plugins.DocumentationPluginsBootstrapper - Context refreshed
2020-06-30 09:32:59.824 [main] INFO  s.d.s.web.plugins.DocumentationPluginsBootstrapper - Found 1 custom documentation plugin(s)
2020-06-30 09:32:59.852 [main] INFO  s.d.spring.web.scanners.ApiListingReferenceScanner - Scanning for api listing references
2020-06-30 09:32:59.940 [main] INFO  com.lcg.admin_template.back.BackApplication - Started BackApplication in 2.149 seconds (JVM running for 2.955)
2020-06-30 09:33:09.560 [SpringContextShutdownHook] INFO  o.s.scheduling.concurrent.ThreadPoolTaskExecutor - Shutting down ExecutorService 'applicationTaskExecutor'
2020-06-30 09:42:12.559 [main] INFO  com.lcg.admin_template.back.BackApplication - Starting BackApplication on Mac-Pro.local with PID 21877 (/Users/can/Desktop/vue-projects/font/back/target/classes started by can in /Users/can/Desktop/vue-projects/font/back)
2020-06-30 09:42:12.565 [main] INFO  com.lcg.admin_template.back.BackApplication - The following profiles are active: dev
2020-06-30 09:42:14.602 [main] INFO  o.s.boot.web.embedded.tomcat.TomcatWebServer - Tomcat initialized with port(s): 8080 (http)
2020-06-30 09:42:14.617 [main] INFO  org.apache.coyote.http11.Http11NioProtocol - Initializing ProtocolHandler ["http-nio-8080"]
2020-06-30 09:42:14.618 [main] INFO  org.apache.catalina.core.StandardService - Starting service [Tomcat]
2020-06-30 09:42:14.618 [main] INFO  org.apache.catalina.core.StandardEngine - Starting Servlet engine: [Apache Tomcat/9.0.36]
2020-06-30 09:42:14.729 [main] INFO  o.a.c.core.ContainerBase.[Tomcat].[localhost].[/] - Initializing Spring embedded WebApplicationContext
2020-06-30 09:42:14.729 [main] INFO  o.s.b.w.s.c.ServletWebServerApplicationContext - Root WebApplicationContext: initialization completed in 2051 ms
2020-06-30 09:42:14.791 [main] INFO  org.apache.catalina.core.StandardService - Stopping service [Tomcat]
2020-06-30 09:42:14.807 [main] INFO  o.s.b.a.l.ConditionEvaluationReportLoggingListener - 

Error starting ApplicationContext. To display the conditions report re-run your application with 'debug' enabled.
2020-06-30 09:43:39.272 [main] INFO  com.lcg.admin_template.back.BackApplication - Starting BackApplication on Mac-Pro.local with PID 21897 (/Users/can/Desktop/vue-projects/font/back/target/classes started by can in /Users/can/Desktop/vue-projects/font/back)
2020-06-30 09:43:39.276 [main] INFO  com.lcg.admin_template.back.BackApplication - The following profiles are active: dev
2020-06-30 09:43:41.170 [main] INFO  o.s.boot.web.embedded.tomcat.TomcatWebServer - Tomcat initialized with port(s): 8080 (http)
2020-06-30 09:43:41.183 [main] INFO  org.apache.coyote.http11.Http11NioProtocol - Initializing ProtocolHandler ["http-nio-8080"]
2020-06-30 09:43:41.187 [main] INFO  org.apache.catalina.core.StandardService - Starting service [Tomcat]
2020-06-30 09:43:41.188 [main] INFO  org.apache.catalina.core.StandardEngine - Starting Servlet engine: [Apache Tomcat/9.0.36]
2020-06-30 09:43:41.296 [main] INFO  o.a.c.core.ContainerBase.[Tomcat].[localhost].[/] - Initializing Spring embedded WebApplicationContext
2020-06-30 09:43:41.297 [main] INFO  o.s.b.w.s.c.ServletWebServerApplicationContext - Root WebApplicationContext: initialization completed in 1969 ms
2020-06-30 09:43:41.403 [main] INFO  org.apache.catalina.core.StandardService - Stopping service [Tomcat]
2020-06-30 09:43:41.424 [main] INFO  o.s.b.a.l.ConditionEvaluationReportLoggingListener - 

Error starting ApplicationContext. To display the conditions report re-run your application with 'debug' enabled.
2020-06-30 09:48:29.189 [main] INFO  com.lcg.admin_template.back.BackApplication - Starting BackApplication on Mac-Pro.local with PID 21932 (/Users/can/Desktop/vue-projects/font/back/target/classes started by can in /Users/can/Desktop/vue-projects/font/back)
2020-06-30 09:48:29.192 [main] INFO  com.lcg.admin_template.back.BackApplication - The following profiles are active: dev
2020-06-30 09:48:30.831 [main] INFO  o.s.boot.web.embedded.tomcat.TomcatWebServer - Tomcat initialized with port(s): 8080 (http)
2020-06-30 09:48:30.846 [main] INFO  org.apache.coyote.http11.Http11NioProtocol - Initializing ProtocolHandler ["http-nio-8080"]
2020-06-30 09:48:30.847 [main] INFO  org.apache.catalina.core.StandardService - Starting service [Tomcat]
2020-06-30 09:48:30.847 [main] INFO  org.apache.catalina.core.StandardEngine - Starting Servlet engine: [Apache Tomcat/9.0.36]
2020-06-30 09:48:31.082 [main] INFO  o.a.c.core.ContainerBase.[Tomcat].[localhost].[/] - Initializing Spring embedded WebApplicationContext
2020-06-30 09:48:31.090 [main] INFO  o.s.b.w.s.c.ServletWebServerApplicationContext - Root WebApplicationContext: initialization completed in 1850 ms
2020-06-30 09:48:32.057 [main] INFO  s.d.s.w.PropertySourcedRequestMappingHandlerMapping - Mapped URL path [/v2/api-docs] onto method [springfox.documentation.swagger2.web.Swagger2Controller#getDocumentation(String, HttpServletRequest)]
2020-06-30 09:48:32.159 [main] INFO  o.s.scheduling.concurrent.ThreadPoolTaskExecutor - Initializing ExecutorService 'applicationTaskExecutor'
2020-06-30 09:48:32.497 [main] INFO  org.apache.coyote.http11.Http11NioProtocol - Starting ProtocolHandler ["http-nio-8080"]
2020-06-30 09:48:32.531 [main] INFO  o.s.boot.web.embedded.tomcat.TomcatWebServer - Tomcat started on port(s): 8080 (http) with context path ''
2020-06-30 09:48:32.533 [main] INFO  s.d.s.web.plugins.DocumentationPluginsBootstrapper - Context refreshed
2020-06-30 09:48:32.558 [main] INFO  s.d.s.web.plugins.DocumentationPluginsBootstrapper - Found 1 custom documentation plugin(s)
2020-06-30 09:48:32.594 [main] INFO  s.d.spring.web.scanners.ApiListingReferenceScanner - Scanning for api listing references
2020-06-30 09:48:32.731 [main] INFO  com.lcg.admin_template.back.BackApplication - Started BackApplication in 4.395 seconds (JVM running for 5.336)
2020-06-30 09:51:22.056 [http-nio-8080-exec-1] INFO  o.a.c.core.ContainerBase.[Tomcat].[localhost].[/] - Initializing Spring DispatcherServlet 'dispatcherServlet'
2020-06-30 09:51:22.056 [http-nio-8080-exec-1] INFO  org.springframework.web.servlet.DispatcherServlet - Initializing Servlet 'dispatcherServlet'
2020-06-30 09:51:22.063 [http-nio-8080-exec-1] INFO  org.springframework.web.servlet.DispatcherServlet - Completed initialization in 7 ms
2020-06-30 09:51:22.112 [http-nio-8080-exec-1] INFO  com.zaxxer.hikari.HikariDataSource - HikariPool-1 - Starting...
2020-06-30 09:51:22.542 [http-nio-8080-exec-1] INFO  com.zaxxer.hikari.HikariDataSource - HikariPool-1 - Start completed.
